2023-05-20 12:25:05.834[1684565705834] | INFO  | main       | c.b.c.f.client.utils.RequestHandler  - GET https://testnet.binancefuture.com/dapi/v1/continuousKlines?pair=ADAUSD&contractType=PERPETUAL&interval=5m
2023-05-20 12:25:18.326[1684565718326] | INFO  | main       | c.b.c.f.client.utils.RequestHandler  - GET https://testnet.binancefuture.com/dapi/v1/continuousKlines?pair=ADAUSD&contractType=PERPETUAL&interval=5m
2023-05-20 12:25:41.525[1684565741525] | INFO  | main       | c.b.c.f.client.utils.RequestHandler  - GET https://testnet.binancefuture.com/dapi/v1/account?timestamp=1684565741467&signature=128acf793095f2618b54b36e4a8f5dc4e6adfe3216b1cef1b1e0447979de70ec
2023-05-20 12:25:41.794[1684565741794] | ERROR | main       | e.c.account.AccountInformation       - fullErrMessage: [ResponseHandler] OKHTTP Error: No such host is known (testnet.binancefuture.com)
com.binance.connector.futures.client.exceptions.BinanceConnectorException: [ResponseHandler] OKHTTP Error: No such host is known (testnet.binancefuture.com)
	at com.binance.connector.futures.client.utils.ResponseHandler.handleResponse(ResponseHandler.java:54)
	at com.binance.connector.futures.client.utils.RequestHandler.sendApiRequest(RequestHandler.java:56)
	at com.binance.connector.futures.client.utils.RequestHandler.sendSignedRequest(RequestHandler.java:80)
	at com.binance.connector.futures.client.impl.cm_futures.CMAccount.accountInformation(CMAccount.java:156)
	at examples.cm_futures.account.AccountInformation.main(AccountInformation.java:22)
2023-05-20 12:27:28.942[1684565848942] | INFO  | main       | c.b.c.f.client.utils.RequestHandler  - GET https://testnet.binancefuture.com/dapi/v1/continuousKlines?pair=ADAUSD&contractType=PERPETUAL&interval=5m
2023-05-20 12:27:30.646[1684565850646] | INFO  | main       | c.b.c.f.client.utils.RequestHandler  - GET https://testnet.binancefuture.com/dapi/v1/depth?symbol=ADAUSD_PERP&limit=10
2023-05-20 12:27:31.100[1684565851100] | INFO  | main       | c.b.c.f.client.utils.RequestHandler  - GET https://testnet.binancefuture.com/dapi/v1/balance?timestamp=1684565851091&signature=760142710567de0cc29f097b1ef13f80357e65a3452e056408b5763aa40863c6
2023-05-20 12:28:38.925[1684565918925] | INFO  | main       | c.b.c.f.client.utils.RequestHandler  - GET https://testnet.binancefuture.com/dapi/v1/continuousKlines?pair=ADAUSD&contractType=PERPETUAL&interval=5m
2023-05-20 12:28:40.418[1684565920418] | INFO  | main       | c.b.c.f.client.utils.RequestHandler  - GET https://testnet.binancefuture.com/dapi/v1/depth?symbol=ADAUSD_PERP&limit=10
2023-05-20 12:28:40.902[1684565920902] | INFO  | main       | c.b.c.f.client.utils.RequestHandler  - GET https://testnet.binancefuture.com/dapi/v1/balance?timestamp=1684565920886&signature=986793d76964ebe52fa5a8e7cb5996b8c264042c3064882cd38f8c225b67a55b
2023-05-20 12:30:08.871[1684566008871] | INFO  | main       | c.b.c.f.client.utils.RequestHandler  - GET https://testnet.binancefuture.com/dapi/v1/continuousKlines?pair=ADAUSD&contractType=PERPETUAL&interval=5m
2023-05-20 12:30:10.827[1684566010827] | INFO  | main       | c.b.c.f.client.utils.RequestHandler  - GET https://testnet.binancefuture.com/dapi/v1/depth?symbol=ADAUSD_PERP&limit=10
2023-05-20 12:30:11.346[1684566011346] | INFO  | main       | c.b.c.f.client.utils.RequestHandler  - GET https://testnet.binancefuture.com/dapi/v1/balance?timestamp=1684566011340&signature=660e83d479f7c406a81bbf9538e28b155a336a9e5e9aa26bf4e849ce056a1214
2023-05-20 12:30:58.941[1684566058941] | INFO  | main       | c.b.c.f.client.utils.RequestHandler  - GET https://testnet.binancefuture.com/dapi/v1/continuousKlines?pair=ADAUSD&contractType=PERPETUAL&interval=5m
2023-05-20 12:31:00.612[1684566060612] | INFO  | main       | c.b.c.f.client.utils.RequestHandler  - GET https://testnet.binancefuture.com/dapi/v1/depth?symbol=ADAUSD_PERP&limit=10
2023-05-20 12:31:01.068[1684566061068] | INFO  | main       | c.b.c.f.client.utils.RequestHandler  - GET https://testnet.binancefuture.com/dapi/v1/balance?timestamp=1684566061062&signature=61c0b93b6bbdc710424c1c97bdc5b267ace1e6137935e4a7bfe251d18c9c67e4
2023-05-20 12:38:55.787[1684566535787] | INFO  | main       | c.b.c.f.client.utils.RequestHandler  - GET https://testnet.binancefuture.com/dapi/v1/continuousKlines?pair=ADAUSD&contractType=PERPETUAL&interval=5m
2023-05-20 12:38:58.090[1684566538090] | INFO  | main       | c.b.c.f.client.utils.RequestHandler  - GET https://testnet.binancefuture.com/dapi/v1/depth?symbol=ADAUSD_PERP&limit=10
2023-05-20 12:38:58.562[1684566538562] | INFO  | main       | c.b.c.f.client.utils.RequestHandler  - GET https://testnet.binancefuture.com/dapi/v1/balance?timestamp=1684566538562&signature=2ed3d81a6310b5c0242f6bbefa953bfda56872078404eaeaf3e90b636c1c1c51
2023-05-20 12:39:23.127[1684566563127] | INFO  | main       | c.b.c.f.client.utils.RequestHandler  - GET https://testnet.binancefuture.com/dapi/v1/continuousKlines?pair=ADAUSD&contractType=PERPETUAL&interval=5m
2023-05-20 12:39:24.621[1684566564621] | INFO  | main       | c.b.c.f.client.utils.RequestHandler  - GET https://testnet.binancefuture.com/dapi/v1/depth?symbol=ADAUSD_PERP&limit=10
2023-05-20 12:39:25.099[1684566565099] | INFO  | main       | c.b.c.f.client.utils.RequestHandler  - GET https://testnet.binancefuture.com/dapi/v1/balance?timestamp=1684566565094&signature=75b8ddb57fd1f9860a9d8161d0d72adc2b2319e16383a0c1960b3435d7870ae2
2023-05-20 12:41:35.217[1684566695217] | INFO  | main       | c.b.c.f.client.utils.RequestHandler  - GET https://testnet.binancefuture.com/dapi/v1/continuousKlines?pair=ADAUSD&contractType=PERPETUAL&interval=5m
2023-05-20 12:41:37.481[1684566697481] | INFO  | main       | c.b.c.f.client.utils.RequestHandler  - GET https://testnet.binancefuture.com/dapi/v1/depth?symbol=ADAUSD_PERP&limit=10
2023-05-20 12:41:37.936[1684566697936] | INFO  | main       | c.b.c.f.client.utils.RequestHandler  - GET https://testnet.binancefuture.com/dapi/v1/balance?timestamp=1684566697931&signature=81ce037eac7a83cbc7f7f171213db2308ef4a69d7a52c9c2d158de2e00d53184
2023-05-20 12:41:53.785[1684566713785] | INFO  | main       | c.b.c.f.client.utils.RequestHandler  - GET https://testnet.binancefuture.com/dapi/v1/continuousKlines?pair=ADAUSD&contractType=PERPETUAL&interval=5m
2023-05-20 12:41:55.411[1684566715411] | INFO  | main       | c.b.c.f.client.utils.RequestHandler  - GET https://testnet.binancefuture.com/dapi/v1/depth?symbol=ADAUSD_PERP&limit=10
2023-05-20 12:41:55.894[1684566715894] | INFO  | main       | c.b.c.f.client.utils.RequestHandler  - GET https://testnet.binancefuture.com/dapi/v1/balance?timestamp=1684566715882&signature=73b96e5a5edd14413ffe0d04dd8bed98d1dc2d1237094873ff13e44e9362aca7
2023-05-20 12:46:39.345[1684566999345] | INFO  | main       | c.b.c.f.client.utils.RequestHandler  - GET https://testnet.binancefuture.com/dapi/v1/continuousKlines?pair=ADAUSD&contractType=PERPETUAL&interval=5m
2023-05-20 12:46:41.324[1684567001324] | INFO  | main       | c.b.c.f.client.utils.RequestHandler  - GET https://testnet.binancefuture.com/dapi/v1/depth?symbol=ADAUSD_PERP&limit=10
2023-05-20 12:46:41.784[1684567001784] | INFO  | main       | c.b.c.f.client.utils.RequestHandler  - GET https://testnet.binancefuture.com/dapi/v1/balance?timestamp=1684567001777&signature=3ad12d9a6ad7582b8bdf1ecdd809b761d198b046677c9fd56b0da777bf72fca7
2023-05-20 12:47:53.997[1684567073997] | INFO  | main       | c.b.c.f.client.utils.RequestHandler  - GET https://testnet.binancefuture.com/dapi/v1/continuousKlines?pair=ADAUSD&contractType=PERPETUAL&interval=5m
2023-05-20 12:47:55.840[1684567075840] | INFO  | main       | c.b.c.f.client.utils.RequestHandler  - GET https://testnet.binancefuture.com/dapi/v1/depth?symbol=ADAUSD_PERP&limit=10
2023-05-20 12:47:56.350[1684567076350] | INFO  | main       | c.b.c.f.client.utils.RequestHandler  - GET https://testnet.binancefuture.com/dapi/v1/balance?timestamp=1684567076343&signature=b673fb56f05d6a491fefe56b1c35447f0b0cb1b1eec31be92e3ab789cb372116
2023-05-20 12:49:50.769[1684567190769] | INFO  | pool-1-thread-1 | c.b.c.f.client.utils.RequestHandler  - GET https://testnet.binancefuture.com/dapi/v1/continuousKlines?pair=ADAUSD&contractType=PERPETUAL&interval=5m
2023-05-20 12:49:52.416[1684567192416] | INFO  | pool-1-thread-1 | c.b.c.f.client.utils.RequestHandler  - GET https://testnet.binancefuture.com/dapi/v1/depth?symbol=ADAUSD_PERP&limit=10
2023-05-20 12:49:52.896[1684567192896] | INFO  | pool-1-thread-1 | c.b.c.f.client.utils.RequestHandler  - GET https://testnet.binancefuture.com/dapi/v1/balance?timestamp=1684567192891&signature=dc219de0012070bcb883779d982ed90ad264f391f58341474131774939308098
2023-05-20 12:50:50.069[1684567250069] | INFO  | pool-1-thread-1 | c.b.c.f.client.utils.RequestHandler  - GET https://testnet.binancefuture.com/dapi/v1/continuousKlines?pair=ADAUSD&contractType=PERPETUAL&interval=5m
2023-05-20 12:50:50.578[1684567250578] | INFO  | pool-1-thread-1 | c.b.c.f.client.utils.RequestHandler  - GET https://testnet.binancefuture.com/dapi/v1/depth?symbol=ADAUSD_PERP&limit=10
2023-05-20 12:50:50.974[1684567250974] | INFO  | pool-1-thread-1 | c.b.c.f.client.utils.RequestHandler  - GET https://testnet.binancefuture.com/dapi/v1/balance?timestamp=1684567250973&signature=a96c50acdfb8805bb2f99b5ceb89e1a2feba145bf1d46cbda36ddfac6e6c60e7
2023-05-20 12:51:50.058[1684567310058] | INFO  | pool-1-thread-1 | c.b.c.f.client.utils.RequestHandler  - GET https://testnet.binancefuture.com/dapi/v1/continuousKlines?pair=ADAUSD&contractType=PERPETUAL&interval=5m
2023-05-20 12:51:50.532[1684567310532] | INFO  | pool-1-thread-1 | c.b.c.f.client.utils.RequestHandler  - GET https://testnet.binancefuture.com/dapi/v1/depth?symbol=ADAUSD_PERP&limit=10
2023-05-20 12:51:50.920[1684567310920] | INFO  | pool-1-thread-1 | c.b.c.f.client.utils.RequestHandler  - GET https://testnet.binancefuture.com/dapi/v1/balance?timestamp=1684567310920&signature=bc1e74e053fe7d456c2a70f2a2a83e62fbce7ce6699939fedffa3b1338020d71
2023-05-20 13:31:21.472[1684569681472] | INFO  | main       | c.b.c.f.client.utils.RequestHandler  - GET https://testnet.binancefuture.com/dapi/v1/continuousKlines?pair=ADAUSD&contractType=PERPETUAL&interval=5m
2023-05-20 13:31:23.540[1684569683540] | INFO  | main       | c.b.c.f.client.utils.RequestHandler  - GET https://testnet.binancefuture.com/dapi/v1/balance?timestamp=1684569683533&signature=83c2ed3d97a47a4554202f8e92ad3ddccbb70665cc91c0e98cd1d23c1b7bb692
2023-05-20 13:31:24.143[1684569684143] | INFO  | main       | c.b.c.f.client.utils.RequestHandler  - GET https://testnet.binancefuture.com/dapi/v1/depth?symbol=ADAUSD_PERP&limit=10
2023-05-20 13:31:56.802[1684569716802] | INFO  | main       | c.b.c.f.client.utils.RequestHandler  - GET https://testnet.binancefuture.com/dapi/v1/continuousKlines?pair=ADAUSD&contractType=PERPETUAL&interval=5m
2023-05-20 13:31:58.338[1684569718338] | INFO  | main       | c.b.c.f.client.utils.RequestHandler  - GET https://testnet.binancefuture.com/dapi/v1/balance?timestamp=1684569718329&signature=ab132e94b98875d5a2a10ced492e952ddee2b6072cd70474f0b6543521f8d15c
2023-05-20 13:31:58.802[1684569718802] | INFO  | main       | c.b.c.f.client.utils.RequestHandler  - GET https://testnet.binancefuture.com/dapi/v1/depth?symbol=ADAUSD_PERP&limit=10
2023-05-20 13:32:20.638[1684569740638] | INFO  | main       | c.b.c.f.client.utils.RequestHandler  - GET https://testnet.binancefuture.com/dapi/v1/continuousKlines?pair=ADAUSD&contractType=PERPETUAL&interval=5m
2023-05-20 13:32:22.046[1684569742046] | INFO  | main       | c.b.c.f.client.utils.RequestHandler  - GET https://testnet.binancefuture.com/dapi/v1/balance?timestamp=1684569742038&signature=6ace19b74d5e6a705ff5b6ca3257a527169024078b7b078835ebebc3dc8ae580
2023-05-20 13:32:22.479[1684569742479] | INFO  | main       | c.b.c.f.client.utils.RequestHandler  - GET https://testnet.binancefuture.com/dapi/v1/depth?symbol=ADAUSD_PERP&limit=10
2023-05-20 13:45:45.869[1684570545869] | INFO  | main       | c.b.c.f.client.utils.RequestHandler  - GET https://testnet.binancefuture.com/dapi/v1/continuousKlines?pair=ADAUSD&contractType=PERPETUAL&interval=5m
2023-05-20 13:45:48.130[1684570548130] | INFO  | main       | c.b.c.f.client.utils.RequestHandler  - GET https://testnet.binancefuture.com/dapi/v1/balance?timestamp=1684570548122&signature=001de65c1365f172ff9681911b86a9990b5f830bd0f63201859ba0870f837bd0
2023-05-20 13:45:48.774[1684570548774] | INFO  | main       | c.b.c.f.client.utils.RequestHandler  - GET https://testnet.binancefuture.com/dapi/v1/depth?symbol=ADAUSD_PERP&limit=10
2023-05-20 13:45:57.545[1684570557545] | INFO  | main       | c.b.c.f.client.utils.RequestHandler  - GET https://testnet.binancefuture.com/dapi/v1/continuousKlines?pair=ADAUSD&contractType=PERPETUAL&interval=5m
2023-05-20 13:45:59.003[1684570559003] | INFO  | main       | c.b.c.f.client.utils.RequestHandler  - GET https://testnet.binancefuture.com/dapi/v1/balance?timestamp=1684570558996&signature=affd9c7fa33c36f34e2e284f918ebc9a4f5afe3f9c4687f458217b4b3735f15e
2023-05-20 13:45:59.459[1684570559459] | INFO  | main       | c.b.c.f.client.utils.RequestHandler  - GET https://testnet.binancefuture.com/dapi/v1/depth?symbol=ADAUSD_PERP&limit=10
2023-05-20 13:54:15.462[1684571055462] | INFO  | main       | c.b.c.f.client.utils.RequestHandler  - GET https://testnet.binancefuture.com/dapi/v1/continuousKlines?pair=ADAUSD&contractType=PERPETUAL&interval=5m
2023-05-20 13:54:17.174[1684571057174] | INFO  | main       | c.b.c.f.client.utils.RequestHandler  - GET https://testnet.binancefuture.com/dapi/v1/balance?timestamp=1684571057169&signature=2cc81d312ff33b9495978484c3413d544ea05e822785d8735e3baac21f028d97
2023-05-20 13:54:17.604[1684571057604] | INFO  | main       | c.b.c.f.client.utils.RequestHandler  - GET https://testnet.binancefuture.com/dapi/v1/depth?symbol=ADAUSD_PERP&limit=10
2023-05-20 14:04:00.374[1684571640374] | INFO  | main       | c.b.c.f.client.utils.RequestHandler  - GET https://testnet.binancefuture.com/dapi/v1/continuousKlines?pair=ADAUSD&contractType=PERPETUAL&interval=5m
2023-05-20 14:04:02.038[1684571642038] | INFO  | main       | c.b.c.f.client.utils.RequestHandler  - GET https://testnet.binancefuture.com/dapi/v1/balance?timestamp=1684571642031&signature=19321bb3ed731c7ca7305a0c02a408346db4ad80cd6ed4ce4f3ab9e52cc38f26
2023-05-20 14:04:02.450[1684571642450] | INFO  | main       | c.b.c.f.client.utils.RequestHandler  - GET https://testnet.binancefuture.com/dapi/v1/depth?symbol=ADAUSD_PERP&limit=10
2023-05-20 14:12:09.500[1684572129500] | INFO  | main       | c.b.c.f.client.utils.RequestHandler  - GET https://testnet.binancefuture.com/dapi/v1/continuousKlines?pair=ADAUSD&contractType=PERPETUAL&interval=5m
2023-05-20 14:12:11.022[1684572131022] | INFO  | main       | c.b.c.f.client.utils.RequestHandler  - GET https://testnet.binancefuture.com/dapi/v1/balance?timestamp=1684572131017&signature=1d61bd4a9c34b0b6542e97ee7666e13a0abbc42722b2fa5a1cb4ab57d3112167
2023-05-20 14:12:11.457[1684572131457] | INFO  | main       | c.b.c.f.client.utils.RequestHandler  - GET https://testnet.binancefuture.com/dapi/v1/depth?symbol=ADAUSD_PERP&limit=10
2023-05-20 14:21:03.714[1684572663714] | INFO  | main       | c.b.c.f.client.utils.RequestHandler  - GET https://testnet.binancefuture.com/dapi/v1/continuousKlines?pair=ADAUSD&contractType=PERPETUAL&interval=5m
2023-05-20 14:21:05.150[1684572665150] | INFO  | main       | c.b.c.f.client.utils.RequestHandler  - GET https://testnet.binancefuture.com/dapi/v1/balance?timestamp=1684572665145&signature=a81aaa0a832c03f8506809c23f8ad06f466fdd1af166a53777c5ada072f46903
2023-05-20 14:21:05.601[1684572665601] | INFO  | main       | c.b.c.f.client.utils.RequestHandler  - GET https://testnet.binancefuture.com/dapi/v1/depth?symbol=ADAUSD_PERP&limit=10
2023-05-20 14:21:32.129[1684572692129] | INFO  | main       | c.b.c.f.client.utils.RequestHandler  - GET https://testnet.binancefuture.com/dapi/v1/continuousKlines?pair=ADAUSD&contractType=PERPETUAL&interval=5m
2023-05-20 14:21:33.497[1684572693497] | INFO  | main       | c.b.c.f.client.utils.RequestHandler  - GET https://testnet.binancefuture.com/dapi/v1/balance?timestamp=1684572693489&signature=61dccb3baeb740224744ad2db01f373d4e65042d48ea711719f9f69449a0de8d
2023-05-20 14:21:34.317[1684572694317] | INFO  | main       | c.b.c.f.client.utils.RequestHandler  - GET https://testnet.binancefuture.com/dapi/v1/depth?symbol=ADAUSD_PERP&limit=10
2023-05-20 14:21:34.574[1684572694574] | INFO  | main       | c.b.c.f.client.utils.RequestHandler  - POST https://testnet.binancefuture.com/dapi/v1/order?symbol=ADAUSD_PERP&side=BUY&type=LIMIT&quantity=1&timeInForce=GTC&price=0.36201&timestamp=1684572694574&signature=aa2b4f5bbc577d11c5722110538b5dc39dd546240c6411b42b77d55fec2abab6
2023-05-20 14:21:35.032[1684572695032] | INFO  | main       | c.b.c.f.client.utils.RequestHandler  - POST https://testnet.binancefuture.com/dapi/v1/order?symbol=ADAUSD_PERP&side=BUY&type=LIMIT&quantity=1&timeInForce=GTC&price=0.36201&timestamp=1684572695032&signature=51fe1f1a64f3b8ded09ce95bc1b5f10976a8766766295983f36f245e0b9122c9
2023-05-20 14:21:35.448[1684572695448] | INFO  | main       | c.b.c.f.client.utils.RequestHandler  - POST https://testnet.binancefuture.com/dapi/v1/order?symbol=ADAUSD_PERP&side=BUY&type=LIMIT&quantity=1&timeInForce=GTC&price=0.36201&timestamp=1684572695448&signature=25db3ba84d66d3073452097f85393d3bcf50d2efe7894d99d9e84072bde9a5ac
2023-05-20 14:21:35.835[1684572695835] | INFO  | main       | c.b.c.f.client.utils.RequestHandler  - POST https://testnet.binancefuture.com/dapi/v1/order?symbol=ADAUSD_PERP&side=BUY&type=LIMIT&quantity=1&timeInForce=GTC&price=0.36201&timestamp=1684572695834&signature=deaeacce9624bbdd11a4555cc9b33481d3a5a57ff33fabf06cb70d4b4c5aadf3
2023-05-20 14:21:36.077[1684572696077] | INFO  | main       | c.b.c.f.client.utils.RequestHandler  - POST https://testnet.binancefuture.com/dapi/v1/order?symbol=ADAUSD_PERP&side=BUY&type=LIMIT&quantity=1&timeInForce=GTC&price=0.36201&timestamp=1684572696076&signature=fb58e1c9a49412ed360b31f2c764c37b3d3d152620bf2efb63c0718d8f7b016f
2023-05-20 14:21:36.467[1684572696467] | INFO  | main       | c.b.c.f.client.utils.RequestHandler  - POST https://testnet.binancefuture.com/dapi/v1/order?symbol=ADAUSD_PERP&side=BUY&type=LIMIT&quantity=1&timeInForce=GTC&price=0.36201&timestamp=1684572696467&signature=130a0dee6c06c00c85a0175e5e55b209177fd1f6c1d51ba0720f38bda3c284b6
2023-05-20 14:29:10.505[1684573150505] | INFO  | main       | c.b.c.f.client.utils.RequestHandler  - GET https://testnet.binancefuture.com/dapi/v1/continuousKlines?pair=ADAUSD&contractType=PERPETUAL&interval=5m
2023-05-20 14:29:12.267[1684573152267] | INFO  | main       | c.b.c.f.client.utils.RequestHandler  - GET https://testnet.binancefuture.com/dapi/v1/balance?timestamp=1684573152254&signature=d477ae8c64e9ce106fa9b695a132d823abc748cbfcc6ff5cd82f6791d3cf2219
2023-05-20 14:29:12.955[1684573152955] | INFO  | main       | c.b.c.f.client.utils.RequestHandler  - GET https://testnet.binancefuture.com/dapi/v1/depth?symbol=ADAUSD_PERP&limit=10
2023-05-20 14:29:13.184[1684573153184] | INFO  | main       | c.b.c.f.client.utils.RequestHandler  - POST https://testnet.binancefuture.com/dapi/v1/order?symbol=ADAUSD_PERP&side=BUY&type=LIMIT&quantity=1&timeInForce=GTC&price=0.36201&timestamp=1684573153184&signature=9aaf0c0418df24ed267b4c34e318d2de95da0d5422879a3327443976c926de30
2023-05-20 14:29:13.871[1684573153871] | INFO  | main       | c.b.c.f.client.utils.RequestHandler  - POST https://testnet.binancefuture.com/dapi/v1/order?symbol=ADAUSD_PERP&side=BUY&type=LIMIT&quantity=1&timeInForce=GTC&price=0.36201&timestamp=1684573153870&signature=850e3da25bd60a92f14fc4cf4f59ff2c1ce9af4ca8ad9332d3bc7e2197098138
2023-05-20 14:29:14.287[1684573154287] | INFO  | main       | c.b.c.f.client.utils.RequestHandler  - POST https://testnet.binancefuture.com/dapi/v1/order?symbol=ADAUSD_PERP&side=BUY&type=LIMIT&quantity=1&timeInForce=GTC&price=0.36201&timestamp=1684573154286&signature=d74a6681a2d02d38d8aa75aaef72439babec014fe067de8ff84d91b96778b740
2023-05-20 14:29:14.478[1684573154478] | INFO  | main       | c.b.c.f.client.utils.RequestHandler  - POST https://testnet.binancefuture.com/dapi/v1/order?symbol=ADAUSD_PERP&side=BUY&type=LIMIT&quantity=1&timeInForce=GTC&price=0.36201&timestamp=1684573154478&signature=3260034580f1fec01a11009575a95d6360cde506249300c82d6aa0ab1c54196a
2023-05-20 14:29:14.877[1684573154877] | INFO  | main       | c.b.c.f.client.utils.RequestHandler  - POST https://testnet.binancefuture.com/dapi/v1/order?symbol=ADAUSD_PERP&side=BUY&type=LIMIT&quantity=1&timeInForce=GTC&price=0.36201&timestamp=1684573154877&signature=7e905acc1b96f2fc1666858623bebb41d2e907102a834d7f51068a67d399b4ef
2023-05-20 14:29:15.261[1684573155261] | INFO  | main       | c.b.c.f.client.utils.RequestHandler  - POST https://testnet.binancefuture.com/dapi/v1/order?symbol=ADAUSD_PERP&side=BUY&type=LIMIT&quantity=1&timeInForce=GTC&price=0.36201&timestamp=1684573155259&signature=b800902df192788e4033ec795de72537ecf1b61765befdd77be4d06477a74b6d
2023-05-20 14:29:15.732[1684573155732] | INFO  | main       | c.b.c.f.client.utils.RequestHandler  - POST https://testnet.binancefuture.com/dapi/v1/order?symbol=ADAUSD_PERP&side=BUY&type=LIMIT&quantity=1&timeInForce=GTC&price=0.36201&timestamp=1684573155732&signature=0d9b04ea967f5f45c386b6515f1b9b30f7d67d6784d37393c28cabed231d1e47
2023-05-20 14:39:21.792[1684573761792] | INFO  | pool-1-thread-1 | c.b.c.f.client.utils.RequestHandler  - GET https://testnet.binancefuture.com/dapi/v1/continuousKlines?pair=ADAUSD&contractType=PERPETUAL&interval=5m
2023-05-20 14:39:23.405[1684573763405] | INFO  | pool-1-thread-1 | c.b.c.f.client.utils.RequestHandler  - GET https://testnet.binancefuture.com/dapi/v1/balance?timestamp=1684573763400&signature=5fc66a8b8f015696981ae942c70bdf324a369a1ae0f1d1184983c8eb06e786c1
2023-05-20 14:39:23.837[1684573763837] | INFO  | pool-1-thread-1 | c.b.c.f.client.utils.RequestHandler  - GET https://testnet.binancefuture.com/dapi/v1/depth?symbol=ADAUSD_PERP&limit=10
2023-05-20 14:40:21.281[1684573821281] | INFO  | pool-1-thread-1 | c.b.c.f.client.utils.RequestHandler  - GET https://testnet.binancefuture.com/dapi/v1/continuousKlines?pair=ADAUSD&contractType=PERPETUAL&interval=5m
2023-05-20 14:40:21.745[1684573821745] | INFO  | pool-1-thread-1 | c.b.c.f.client.utils.RequestHandler  - GET https://testnet.binancefuture.com/dapi/v1/balance?timestamp=1684573821745&signature=a4d140ce91e652b87649ca06a15df3db3e9a2e77d95f288fc8d06b29a5e80009
2023-05-20 14:40:22.131[1684573822131] | INFO  | pool-1-thread-1 | c.b.c.f.client.utils.RequestHandler  - GET https://testnet.binancefuture.com/dapi/v1/depth?symbol=ADAUSD_PERP&limit=10
2023-05-20 14:41:21.287[1684573881287] | INFO  | pool-1-thread-1 | c.b.c.f.client.utils.RequestHandler  - GET https://testnet.binancefuture.com/dapi/v1/continuousKlines?pair=ADAUSD&contractType=PERPETUAL&interval=5m
2023-05-20 14:41:21.988[1684573881988] | INFO  | pool-1-thread-1 | c.b.c.f.client.utils.RequestHandler  - GET https://testnet.binancefuture.com/dapi/v1/balance?timestamp=1684573881988&signature=6f96283e13eb7ae7262ab6d39a6bb8b15c114d0fe636243e79a5ae1013baa761
2023-05-20 14:41:22.766[1684573882766] | INFO  | pool-1-thread-1 | c.b.c.f.client.utils.RequestHandler  - GET https://testnet.binancefuture.com/dapi/v1/depth?symbol=ADAUSD_PERP&limit=10
2023-05-20 14:42:21.281[1684573941281] | INFO  | pool-1-thread-1 | c.b.c.f.client.utils.RequestHandler  - GET https://testnet.binancefuture.com/dapi/v1/continuousKlines?pair=ADAUSD&contractType=PERPETUAL&interval=5m
2023-05-20 14:42:21.719[1684573941719] | INFO  | pool-1-thread-1 | c.b.c.f.client.utils.RequestHandler  - GET https://testnet.binancefuture.com/dapi/v1/balance?timestamp=1684573941718&signature=1b41ff4cdabb29ae1dcfb56bb5da98092ceaf323d05ca9e89dd44bcbe649ac2d
2023-05-20 14:42:22.377[1684573942377] | INFO  | pool-1-thread-1 | c.b.c.f.client.utils.RequestHandler  - GET https://testnet.binancefuture.com/dapi/v1/depth?symbol=ADAUSD_PERP&limit=10
2023-05-20 14:43:22.228[1684574002228] | INFO  | pool-1-thread-1 | c.b.c.f.client.utils.RequestHandler  - GET https://testnet.binancefuture.com/dapi/v1/continuousKlines?pair=ADAUSD&contractType=PERPETUAL&interval=5m
2023-05-20 14:43:22.682[1684574002682] | INFO  | pool-1-thread-1 | c.b.c.f.client.utils.RequestHandler  - GET https://testnet.binancefuture.com/dapi/v1/balance?timestamp=1684574002682&signature=4d656f7eed875fb315a6ed3fc238e1aee28ab81b8d2fa305f9e4960e88cf2f05
2023-05-20 14:43:23.075[1684574003075] | INFO  | pool-1-thread-1 | c.b.c.f.client.utils.RequestHandler  - GET https://testnet.binancefuture.com/dapi/v1/depth?symbol=ADAUSD_PERP&limit=10
2023-05-20 14:44:21.273[1684574061273] | INFO  | pool-1-thread-1 | c.b.c.f.client.utils.RequestHandler  - GET https://testnet.binancefuture.com/dapi/v1/continuousKlines?pair=ADAUSD&contractType=PERPETUAL&interval=5m
2023-05-20 14:44:21.684[1684574061684] | INFO  | pool-1-thread-1 | c.b.c.f.client.utils.RequestHandler  - GET https://testnet.binancefuture.com/dapi/v1/balance?timestamp=1684574061684&signature=84ce5d241b6465f99552739366bc8c8e4bb4ef90ea1f5a5e0234d49a079c47f4
2023-05-20 14:44:22.094[1684574062094] | INFO  | pool-1-thread-1 | c.b.c.f.client.utils.RequestHandler  - GET https://testnet.binancefuture.com/dapi/v1/depth?symbol=ADAUSD_PERP&limit=10
2023-05-20 14:49:08.165[1684574348165] | INFO  | pool-1-thread-1 | c.b.c.f.client.utils.RequestHandler  - GET https://testnet.binancefuture.com/dapi/v1/continuousKlines?pair=ADAUSD&contractType=PERPETUAL&interval=5m
2023-05-20 14:49:09.021[1684574349021] | INFO  | pool-1-thread-1 | c.b.c.f.client.utils.RequestHandler  - GET https://testnet.binancefuture.com/dapi/v1/balance?timestamp=1684574349021&signature=4ae772944871fadf008c2b441861a5303d121d2b439849dc169d5da72ae84b9c
2023-05-20 14:49:09.423[1684574349423] | INFO  | pool-1-thread-1 | c.b.c.f.client.utils.RequestHandler  - GET https://testnet.binancefuture.com/dapi/v1/depth?symbol=ADAUSD_PERP&limit=10
2023-05-20 14:49:09.886[1684574349886] | INFO  | pool-1-thread-1 | c.b.c.f.client.utils.RequestHandler  - GET https://testnet.binancefuture.com/dapi/v1/continuousKlines?pair=ADAUSD&contractType=PERPETUAL&interval=5m
2023-05-20 14:49:10.090[1684574350090] | INFO  | pool-1-thread-1 | c.b.c.f.client.utils.RequestHandler  - GET https://testnet.binancefuture.com/dapi/v1/balance?timestamp=1684574350090&signature=254ceb993ebdc69eef3e3853c2f895de8709975ca0224c8013a8ef6c17c1bab0
2023-05-20 14:49:10.524[1684574350524] | INFO  | pool-1-thread-1 | c.b.c.f.client.utils.RequestHandler  - GET https://testnet.binancefuture.com/dapi/v1/depth?symbol=ADAUSD_PERP&limit=10
2023-05-20 14:49:10.907[1684574350907] | INFO  | pool-1-thread-1 | c.b.c.f.client.utils.RequestHandler  - GET https://testnet.binancefuture.com/dapi/v1/continuousKlines?pair=ADAUSD&contractType=PERPETUAL&interval=5m
2023-05-20 14:49:11.364[1684574351364] | INFO  | pool-1-thread-1 | c.b.c.f.client.utils.RequestHandler  - GET https://testnet.binancefuture.com/dapi/v1/balance?timestamp=1684574351364&signature=d55467352c0056d5f56480597e60f5fb0868d380b6d2925b3f1ceeffda392c0c
2023-05-20 14:49:11.761[1684574351761] | INFO  | pool-1-thread-1 | c.b.c.f.client.utils.RequestHandler  - GET https://testnet.binancefuture.com/dapi/v1/depth?symbol=ADAUSD_PERP&limit=10
2023-05-20 14:49:12.305[1684574352305] | INFO  | pool-1-thread-1 | c.b.c.f.client.utils.RequestHandler  - GET https://testnet.binancefuture.com/dapi/v1/continuousKlines?pair=ADAUSD&contractType=PERPETUAL&interval=5m
2023-05-20 14:49:12.528[1684574352528] | INFO  | pool-1-thread-1 | c.b.c.f.client.utils.RequestHandler  - GET https://testnet.binancefuture.com/dapi/v1/balance?timestamp=1684574352520&signature=0a4de6044323d87425fff029b18e30915c5631a2900237391e858e711480a9af
2023-05-20 14:49:13.292[1684574353292] | INFO  | pool-1-thread-1 | c.b.c.f.client.utils.RequestHandler  - GET https://testnet.binancefuture.com/dapi/v1/depth?symbol=ADAUSD_PERP&limit=10
2023-05-20 14:49:21.277[1684574361277] | INFO  | pool-1-thread-1 | c.b.c.f.client.utils.RequestHandler  - GET https://testnet.binancefuture.com/dapi/v1/continuousKlines?pair=ADAUSD&contractType=PERPETUAL&interval=5m
2023-05-20 14:49:21.919[1684574361919] | INFO  | pool-1-thread-1 | c.b.c.f.client.utils.RequestHandler  - GET https://testnet.binancefuture.com/dapi/v1/balance?timestamp=1684574361919&signature=6b78904377eaedaa9f8b9670f6c08acc4eb600538475b7604f3b06709788a116
2023-05-20 14:49:22.333[1684574362333] | INFO  | pool-1-thread-1 | c.b.c.f.client.utils.RequestHandler  - GET https://testnet.binancefuture.com/dapi/v1/depth?symbol=ADAUSD_PERP&limit=10
2023-05-20 14:50:21.287[1684574421287] | INFO  | pool-1-thread-1 | c.b.c.f.client.utils.RequestHandler  - GET https://testnet.binancefuture.com/dapi/v1/continuousKlines?pair=ADAUSD&contractType=PERPETUAL&interval=5m
2023-05-20 14:50:21.752[1684574421752] | INFO  | pool-1-thread-1 | c.b.c.f.client.utils.RequestHandler  - GET https://testnet.binancefuture.com/dapi/v1/balance?timestamp=1684574421752&signature=1a2d20b1dccded23c5850d1fd9cd7c77f106aed5783cac123e5d698d0684a747
2023-05-20 14:50:22.208[1684574422208] | INFO  | pool-1-thread-1 | c.b.c.f.client.utils.RequestHandler  - GET https://testnet.binancefuture.com/dapi/v1/depth?symbol=ADAUSD_PERP&limit=10
2023-05-20 14:51:21.278[1684574481278] | INFO  | pool-1-thread-1 | c.b.c.f.client.utils.RequestHandler  - GET https://testnet.binancefuture.com/dapi/v1/continuousKlines?pair=ADAUSD&contractType=PERPETUAL&interval=5m
2023-05-20 14:51:21.949[1684574481949] | INFO  | pool-1-thread-1 | c.b.c.f.client.utils.RequestHandler  - GET https://testnet.binancefuture.com/dapi/v1/balance?timestamp=1684574481949&signature=e6b75dd2477725ef8453a4d28399e06f20ce99627bf4a58ae083be1d6bb92242
2023-05-20 14:51:22.625[1684574482625] | INFO  | pool-1-thread-1 | c.b.c.f.client.utils.RequestHandler  - GET https://testnet.binancefuture.com/dapi/v1/depth?symbol=ADAUSD_PERP&limit=10
2023-05-20 14:52:21.285[1684574541285] | INFO  | pool-1-thread-1 | c.b.c.f.client.utils.RequestHandler  - GET https://testnet.binancefuture.com/dapi/v1/continuousKlines?pair=ADAUSD&contractType=PERPETUAL&interval=5m
2023-05-20 14:52:21.707[1684574541707] | INFO  | pool-1-thread-1 | c.b.c.f.client.utils.RequestHandler  - GET https://testnet.binancefuture.com/dapi/v1/balance?timestamp=1684574541707&signature=7e0ddd0fc9750b5a6437804fc370fa4f5f8e5b4431443a30256079f157ad8264
2023-05-20 14:52:22.087[1684574542087] | INFO  | pool-1-thread-1 | c.b.c.f.client.utils.RequestHandler  - GET https://testnet.binancefuture.com/dapi/v1/depth?symbol=ADAUSD_PERP&limit=10
2023-05-20 14:53:21.272[1684574601272] | INFO  | pool-1-thread-1 | c.b.c.f.client.utils.RequestHandler  - GET https://testnet.binancefuture.com/dapi/v1/continuousKlines?pair=ADAUSD&contractType=PERPETUAL&interval=5m
2023-05-20 14:53:21.780[1684574601780] | INFO  | pool-1-thread-1 | c.b.c.f.client.utils.RequestHandler  - GET https://testnet.binancefuture.com/dapi/v1/balance?timestamp=1684574601780&signature=5c1089811e1b20dbb4f4d11f35b9468f319ca38ed6d979c920a4592d8fd3da45
2023-05-20 14:53:22.193[1684574602193] | INFO  | pool-1-thread-1 | c.b.c.f.client.utils.RequestHandler  - GET https://testnet.binancefuture.com/dapi/v1/depth?symbol=ADAUSD_PERP&limit=10
2023-05-20 14:54:21.276[1684574661276] | INFO  | pool-1-thread-1 | c.b.c.f.client.utils.RequestHandler  - GET https://testnet.binancefuture.com/dapi/v1/continuousKlines?pair=ADAUSD&contractType=PERPETUAL&interval=5m
2023-05-20 14:54:21.729[1684574661729] | INFO  | pool-1-thread-1 | c.b.c.f.client.utils.RequestHandler  - GET https://testnet.binancefuture.com/dapi/v1/balance?timestamp=1684574661729&signature=17d9f1c840860c06fd6a7adfa1b5711fb6b9635df736512cc34ea200172a3af7
2023-05-20 14:54:22.136[1684574662136] | INFO  | pool-1-thread-1 | c.b.c.f.client.utils.RequestHandler  - GET https://testnet.binancefuture.com/dapi/v1/depth?symbol=ADAUSD_PERP&limit=10
2023-05-20 14:55:21.273[1684574721273] | INFO  | pool-1-thread-1 | c.b.c.f.client.utils.RequestHandler  - GET https://testnet.binancefuture.com/dapi/v1/continuousKlines?pair=ADAUSD&contractType=PERPETUAL&interval=5m
2023-05-20 14:55:21.846[1684574721846] | INFO  | pool-1-thread-1 | c.b.c.f.client.utils.RequestHandler  - GET https://testnet.binancefuture.com/dapi/v1/balance?timestamp=1684574721846&signature=db6398bd2fe30131c9dcfdd72b0ca6bc261cbbd4fa65ed6723912fdc1c16be5e
2023-05-20 14:55:22.352[1684574722352] | INFO  | pool-1-thread-1 | c.b.c.f.client.utils.RequestHandler  - GET https://testnet.binancefuture.com/dapi/v1/depth?symbol=ADAUSD_PERP&limit=10
2023-05-20 14:56:21.273[1684574781273] | INFO  | pool-1-thread-1 | c.b.c.f.client.utils.RequestHandler  - GET https://testnet.binancefuture.com/dapi/v1/continuousKlines?pair=ADAUSD&contractType=PERPETUAL&interval=5m
2023-05-20 14:56:21.494[1684574781494] | INFO  | pool-1-thread-1 | c.b.c.f.client.utils.RequestHandler  - GET https://testnet.binancefuture.com/dapi/v1/balance?timestamp=1684574781494&signature=210f7372e78b06c602a45e3d88e6fe10e06427e6f6201e2f4d03df4db2d9c898
2023-05-20 14:56:22.144[1684574782144] | INFO  | pool-1-thread-1 | c.b.c.f.client.utils.RequestHandler  - GET https://testnet.binancefuture.com/dapi/v1/depth?symbol=ADAUSD_PERP&limit=10
2023-05-20 14:57:21.283[1684574841283] | INFO  | pool-1-thread-1 | c.b.c.f.client.utils.RequestHandler  - GET https://testnet.binancefuture.com/dapi/v1/continuousKlines?pair=ADAUSD&contractType=PERPETUAL&interval=5m
2023-05-20 14:57:21.738[1684574841738] | INFO  | pool-1-thread-1 | c.b.c.f.client.utils.RequestHandler  - GET https://testnet.binancefuture.com/dapi/v1/balance?timestamp=1684574841738&signature=b2d3fdca7d20dcb3313a87c0f386453bcd8cc5c33979238afce6c737cd912287
2023-05-20 14:57:22.158[1684574842158] | INFO  | pool-1-thread-1 | c.b.c.f.client.utils.RequestHandler  - GET https://testnet.binancefuture.com/dapi/v1/depth?symbol=ADAUSD_PERP&limit=10
2023-05-20 14:58:21.276[1684574901276] | INFO  | pool-1-thread-1 | c.b.c.f.client.utils.RequestHandler  - GET https://testnet.binancefuture.com/dapi/v1/continuousKlines?pair=ADAUSD&contractType=PERPETUAL&interval=5m
2023-05-20 14:58:21.555[1684574901555] | INFO  | pool-1-thread-1 | c.b.c.f.client.utils.RequestHandler  - GET https://testnet.binancefuture.com/dapi/v1/balance?timestamp=1684574901555&signature=c3507a077cba127f2a36d9fcd14924ad3dc7b59b1de6eab3d7fbd15c1cc05bff
2023-05-20 14:58:22.170[1684574902170] | INFO  | pool-1-thread-1 | c.b.c.f.client.utils.RequestHandler  - GET https://testnet.binancefuture.com/dapi/v1/depth?symbol=ADAUSD_PERP&limit=10
2023-05-20 14:59:21.279[1684574961279] | INFO  | pool-1-thread-1 | c.b.c.f.client.utils.RequestHandler  - GET https://testnet.binancefuture.com/dapi/v1/continuousKlines?pair=ADAUSD&contractType=PERPETUAL&interval=5m
2023-05-20 14:59:21.722[1684574961722] | INFO  | pool-1-thread-1 | c.b.c.f.client.utils.RequestHandler  - GET https://testnet.binancefuture.com/dapi/v1/balance?timestamp=1684574961722&signature=d090604744e3623bf2aa1848f90c5b25b615b7f4a58f7685ae4e49cb40a9d077
2023-05-20 14:59:22.139[1684574962139] | INFO  | pool-1-thread-1 | c.b.c.f.client.utils.RequestHandler  - GET https://testnet.binancefuture.com/dapi/v1/depth?symbol=ADAUSD_PERP&limit=10
2023-05-20 15:00:21.279[1684575021279] | INFO  | pool-1-thread-1 | c.b.c.f.client.utils.RequestHandler  - GET https://testnet.binancefuture.com/dapi/v1/continuousKlines?pair=ADAUSD&contractType=PERPETUAL&interval=5m
2023-05-20 15:00:21.691[1684575021691] | INFO  | pool-1-thread-1 | c.b.c.f.client.utils.RequestHandler  - GET https://testnet.binancefuture.com/dapi/v1/balance?timestamp=1684575021691&signature=f59f9b8723f323a31189d9da5e3972816974ff1b71310debd039080d7a8b5453
2023-05-20 15:00:22.181[1684575022181] | INFO  | pool-1-thread-1 | c.b.c.f.client.utils.RequestHandler  - GET https://testnet.binancefuture.com/dapi/v1/depth?symbol=ADAUSD_PERP&limit=10
2023-05-20 15:01:21.277[1684575081277] | INFO  | pool-1-thread-1 | c.b.c.f.client.utils.RequestHandler  - GET https://testnet.binancefuture.com/dapi/v1/continuousKlines?pair=ADAUSD&contractType=PERPETUAL&interval=5m
2023-05-20 15:01:22.003[1684575082003] | INFO  | pool-1-thread-1 | c.b.c.f.client.utils.RequestHandler  - GET https://testnet.binancefuture.com/dapi/v1/balance?timestamp=1684575082003&signature=682bc2774ed62380363e252bf2f4be56c2ceb9ef89268743156f3521db19d2f0
2023-05-20 15:01:22.593[1684575082593] | INFO  | pool-1-thread-1 | c.b.c.f.client.utils.RequestHandler  - GET https://testnet.binancefuture.com/dapi/v1/depth?symbol=ADAUSD_PERP&limit=10
2023-05-20 15:02:21.281[1684575141281] | INFO  | pool-1-thread-1 | c.b.c.f.client.utils.RequestHandler  - GET https://testnet.binancefuture.com/dapi/v1/continuousKlines?pair=ADAUSD&contractType=PERPETUAL&interval=5m
2023-05-20 15:02:21.466[1684575141466] | INFO  | pool-1-thread-1 | c.b.c.f.client.utils.RequestHandler  - GET https://testnet.binancefuture.com/dapi/v1/balance?timestamp=1684575141466&signature=9cf9fb25d1122ad2412b461e31421e210e2f1f7975db3cdc4eb09239298bf700
2023-05-20 15:02:21.879[1684575141879] | INFO  | pool-1-thread-1 | c.b.c.f.client.utils.RequestHandler  - GET https://testnet.binancefuture.com/dapi/v1/depth?symbol=ADAUSD_PERP&limit=10
2023-05-20 15:03:21.273[1684575201273] | INFO  | pool-1-thread-1 | c.b.c.f.client.utils.RequestHandler  - GET https://testnet.binancefuture.com/dapi/v1/continuousKlines?pair=ADAUSD&contractType=PERPETUAL&interval=5m
2023-05-20 15:03:21.694[1684575201694] | INFO  | pool-1-thread-1 | c.b.c.f.client.utils.RequestHandler  - GET https://testnet.binancefuture.com/dapi/v1/balance?timestamp=1684575201694&signature=4798b2fc36abb434595458f0600b187415b9af47dbba2ca397dee7582c2d4163
2023-05-20 15:03:22.081[1684575202081] | INFO  | pool-1-thread-1 | c.b.c.f.client.utils.RequestHandler  - GET https://testnet.binancefuture.com/dapi/v1/depth?symbol=ADAUSD_PERP&limit=10
2023-05-20 15:04:21.274[1684575261274] | INFO  | pool-1-thread-1 | c.b.c.f.client.utils.RequestHandler  - GET https://testnet.binancefuture.com/dapi/v1/continuousKlines?pair=ADAUSD&contractType=PERPETUAL&interval=5m
2023-05-20 15:04:21.811[1684575261811] | INFO  | pool-1-thread-1 | c.b.c.f.client.utils.RequestHandler  - GET https://testnet.binancefuture.com/dapi/v1/balance?timestamp=1684575261811&signature=29c9b69e3afd41ceb5122a7f5168a292b9f6161e9aafbf0d833728d294f23d0a
2023-05-20 15:04:22.214[1684575262214] | INFO  | pool-1-thread-1 | c.b.c.f.client.utils.RequestHandler  - GET https://testnet.binancefuture.com/dapi/v1/depth?symbol=ADAUSD_PERP&limit=10
2023-05-20 15:23:25.280[1684576405280] | INFO  | pool-1-thread-1 | c.b.c.f.client.utils.RequestHandler  - GET https://testnet.binancefuture.com/dapi/v1/continuousKlines?pair=ADAUSD&contractType=PERPETUAL&interval=5m
2023-05-20 15:27:35.182[1684576655182] | INFO  | pool-1-thread-1 | c.b.c.f.client.utils.RequestHandler  - GET https://testnet.binancefuture.com/dapi/v1/continuousKlines?pair=ADAUSD&contractType=PERPETUAL&interval=5m
2023-05-20 15:32:01.273[1684576921273] | INFO  | pool-1-thread-1 | c.b.c.f.client.utils.RequestHandler  - GET https://testnet.binancefuture.com/dapi/v1/continuousKlines?pair=ADAUSD&contractType=PERPETUAL&interval=5m
2023-05-20 15:32:03.112[1684576923112] | INFO  | pool-1-thread-1 | c.b.c.f.client.utils.RequestHandler  - GET https://testnet.binancefuture.com/dapi/v1/balance?timestamp=1684576923112&signature=cac5362b0e3a345e7cb9eeffcb7ed58b48b16c85fe23d9281ae0f17fe3c1e669
2023-05-20 15:32:03.560[1684576923560] | INFO  | pool-1-thread-1 | c.b.c.f.client.utils.RequestHandler  - GET https://testnet.binancefuture.com/dapi/v1/depth?symbol=ADAUSD_PERP&limit=10
2023-05-20 15:32:03.997[1684576923997] | INFO  | pool-1-thread-1 | c.b.c.f.client.utils.RequestHandler  - POST https://testnet.binancefuture.com/dapi/v1/order?symbol=ADAUSD_PERP&side=BUY&type=LIMIT&quantity=1&timeInForce=GTC&price=0.36201&timestamp=1684576923997&signature=ad53790f031c6e61f03f1d668ccb024bf31d3097a5e1b11abb3cc9def4e99456
2023-05-20 15:33:00.993[1684576980993] | INFO  | pool-1-thread-1 | c.b.c.f.client.utils.RequestHandler  - GET https://testnet.binancefuture.com/dapi/v1/continuousKlines?pair=ADAUSD&contractType=PERPETUAL&interval=5m
2023-05-20 15:33:01.491[1684576981491] | INFO  | pool-1-thread-1 | c.b.c.f.client.utils.RequestHandler  - GET https://testnet.binancefuture.com/dapi/v1/balance?timestamp=1684576981490&signature=bd358d38a7b653a83f02eb9f3973d2b08e530b4b3f9142e907c5c5763497fa33
2023-05-20 15:33:01.936[1684576981936] | INFO  | pool-1-thread-1 | c.b.c.f.client.utils.RequestHandler  - GET https://testnet.binancefuture.com/dapi/v1/depth?symbol=ADAUSD_PERP&limit=10
2023-05-20 15:33:02.314[1684576982314] | INFO  | pool-1-thread-1 | c.b.c.f.client.utils.RequestHandler  - POST https://testnet.binancefuture.com/dapi/v1/order?symbol=ADAUSD_PERP&side=BUY&type=LIMIT&quantity=1&timeInForce=GTC&price=0.36201&timestamp=1684576982314&signature=37b425c7508555ece23760933a6eaa691b5014f9dbe0cdaae803004fdbeb17ea
2023-05-20 15:35:31.976[1684577131976] | INFO  | pool-1-thread-1 | c.b.c.f.client.utils.RequestHandler  - GET https://testnet.binancefuture.com/dapi/v1/continuousKlines?pair=ADAUSD&contractType=PERPETUAL&interval=5m
2023-05-20 15:35:33.640[1684577133640] | INFO  | pool-1-thread-1 | c.b.c.f.client.utils.RequestHandler  - GET https://testnet.binancefuture.com/dapi/v1/balance?timestamp=1684577133632&signature=8bc65758681a1f48ea69049fdb774b738300ee2d7668084ecc23fc78c01ce23f
2023-05-20 15:35:34.146[1684577134146] | INFO  | pool-1-thread-1 | c.b.c.f.client.utils.RequestHandler  - GET https://testnet.binancefuture.com/dapi/v1/depth?symbol=ADAUSD_PERP&limit=10
2023-05-20 15:36:31.647[1684577191647] | INFO  | pool-1-thread-1 | c.b.c.f.client.utils.RequestHandler  - GET https://testnet.binancefuture.com/dapi/v1/continuousKlines?pair=ADAUSD&contractType=PERPETUAL&interval=5m
2023-05-20 15:36:32.573[1684577192573] | INFO  | pool-1-thread-1 | c.b.c.f.client.utils.RequestHandler  - GET https://testnet.binancefuture.com/dapi/v1/balance?timestamp=1684577192573&signature=3ef051ef7b406c82947174cfd6005302eae270206ef5d74b922339ea6dd94366
2023-05-20 15:36:32.988[1684577192988] | INFO  | pool-1-thread-1 | c.b.c.f.client.utils.RequestHandler  - GET https://testnet.binancefuture.com/dapi/v1/depth?symbol=ADAUSD_PERP&limit=10
2023-05-20 15:36:33.375[1684577193375] | INFO  | pool-1-thread-1 | c.b.c.f.client.utils.RequestHandler  - POST https://testnet.binancefuture.com/dapi/v1/order?symbol=ADAUSD_PERP&side=BUY&type=LIMIT&quantity=1&timeInForce=GTC&price=0.36201&timestamp=1684577193375&signature=609175deacb1935056d564370608b2228eed58720827b827ad6df83c705e9ec1
2023-05-20 15:36:34.114[1684577194114] | INFO  | pool-1-thread-1 | c.b.c.f.client.utils.RequestHandler  - POST https://testnet.binancefuture.com/dapi/v1/order?symbol=ADAUSD_PERP&side=BUY&type=LIMIT&quantity=1&timeInForce=GTC&price=0.36201&timestamp=1684577194114&signature=1e9b0aa4bb65a266142bd0b9133cb8908822af4426388ab406683cb60010e661
2023-05-20 15:36:49.949[1684577209949] | INFO  | pool-1-thread-1 | c.b.c.f.client.utils.RequestHandler  - GET https://testnet.binancefuture.com/dapi/v1/continuousKlines?pair=ADAUSD&contractType=PERPETUAL&interval=5m
2023-05-20 15:36:52.191[1684577212191] | INFO  | pool-1-thread-1 | c.b.c.f.client.utils.RequestHandler  - GET https://testnet.binancefuture.com/dapi/v1/balance?timestamp=1684577212185&signature=dd0d261c12b44f2e064c06bcb155b40edaee24a775d20e4c93081a82f39c4cf2
2023-05-20 15:36:52.599[1684577212599] | INFO  | pool-1-thread-1 | c.b.c.f.client.utils.RequestHandler  - GET https://testnet.binancefuture.com/dapi/v1/depth?symbol=ADAUSD_PERP&limit=10
2023-05-20 15:36:53.035[1684577213035] | INFO  | pool-1-thread-1 | c.b.c.f.client.utils.RequestHandler  - POST https://testnet.binancefuture.com/dapi/v1/order?symbol=ADAUSD_PERP&side=BUY&type=LIMIT&quantity=1&timeInForce=GTC&price=0.36201&timestamp=1684577213035&signature=c0229ebb62dbd152b4b52b4d8ca6ef57d781e5fd1aa0bef8fe50e76ebcb9236a
2023-05-20 15:36:53.497[1684577213497] | INFO  | pool-1-thread-1 | c.b.c.f.client.utils.RequestHandler  - POST https://testnet.binancefuture.com/dapi/v1/order?symbol=ADAUSD_PERP&side=BUY&type=LIMIT&quantity=1&timeInForce=GTC&price=0.36201&timestamp=1684577213497&signature=23a91f34a7b63d253cf3c2fccc3497df06a9ce5a6c8a2b37996eaa174e601f00
2023-05-20 15:37:49.608[1684577269608] | INFO  | pool-1-thread-1 | c.b.c.f.client.utils.RequestHandler  - GET https://testnet.binancefuture.com/dapi/v1/continuousKlines?pair=ADAUSD&contractType=PERPETUAL&interval=5m
2023-05-20 15:37:50.088[1684577270088] | INFO  | pool-1-thread-1 | c.b.c.f.client.utils.RequestHandler  - GET https://testnet.binancefuture.com/dapi/v1/balance?timestamp=1684577270088&signature=abdd84373d4f77f068c41518fa38892820a54d188ffdd621d5aa7dc559a48258
2023-05-20 15:37:50.533[1684577270533] | INFO  | pool-1-thread-1 | c.b.c.f.client.utils.RequestHandler  - GET https://testnet.binancefuture.com/dapi/v1/depth?symbol=ADAUSD_PERP&limit=10
2023-05-20 15:37:51.117[1684577271117] | INFO  | pool-1-thread-1 | c.b.c.f.client.utils.RequestHandler  - POST https://testnet.binancefuture.com/dapi/v1/order?symbol=ADAUSD_PERP&side=BUY&type=LIMIT&quantity=1&timeInForce=GTC&price=0.36201&timestamp=1684577271117&signature=79bba031175de551b23217f266267af900e94fe52a57e3fa9bb25f0e489d55e7
2023-05-20 15:37:51.538[1684577271538] | INFO  | pool-1-thread-1 | c.b.c.f.client.utils.RequestHandler  - POST https://testnet.binancefuture.com/dapi/v1/order?symbol=ADAUSD_PERP&side=BUY&type=LIMIT&quantity=1&timeInForce=GTC&price=0.36201&timestamp=1684577271538&signature=a46bff6ccf0b3125f19c8645af02bac2a42ac59a532ee0ad65fccf07ac011dd8
2023-05-20 15:38:09.753[1684577289753] | INFO  | pool-1-thread-1 | c.b.c.f.client.utils.RequestHandler  - GET https://testnet.binancefuture.com/dapi/v1/continuousKlines?pair=ADAUSD&contractType=PERPETUAL&interval=5m
2023-05-20 15:38:14.637[1684577294637] | INFO  | pool-1-thread-1 | c.b.c.f.client.utils.RequestHandler  - GET https://testnet.binancefuture.com/dapi/v1/balance?timestamp=1684577294631&signature=c4d30edc98706f20af65c156c3ad05905e4e1e0af78b1bed938b1f0b18575df4
2023-05-20 15:38:15.084[1684577295084] | INFO  | pool-1-thread-1 | c.b.c.f.client.utils.RequestHandler  - GET https://testnet.binancefuture.com/dapi/v1/depth?symbol=ADAUSD_PERP&limit=10
2023-05-20 15:38:15.531[1684577295531] | INFO  | pool-1-thread-1 | c.b.c.f.client.utils.RequestHandler  - POST https://testnet.binancefuture.com/dapi/v1/order?symbol=ADAUSD_PERP&side=BUY&type=LIMIT&quantity=1&timeInForce=GTC&price=0.36201&timestamp=1684577295530&signature=44832f93c31900681e4373ae92d21778dae7d603802da05e645ee989911031ae
2023-05-20 15:38:16.212[1684577296212] | INFO  | pool-1-thread-1 | c.b.c.f.client.utils.RequestHandler  - POST https://testnet.binancefuture.com/dapi/v1/order?symbol=ADAUSD_PERP&side=BUY&type=LIMIT&quantity=1&timeInForce=GTC&price=0.36201&timestamp=1684577296212&signature=158c3d0bd2555de630b97b7d469d9e4e7caeaacc89e84799edad5984e9c3ab32
2023-05-20 15:39:09.413[1684577349413] | INFO  | pool-1-thread-1 | c.b.c.f.client.utils.RequestHandler  - GET https://testnet.binancefuture.com/dapi/v1/continuousKlines?pair=ADAUSD&contractType=PERPETUAL&interval=5m
2023-05-20 15:39:09.994[1684577349994] | INFO  | pool-1-thread-1 | c.b.c.f.client.utils.RequestHandler  - GET https://testnet.binancefuture.com/dapi/v1/balance?timestamp=1684577349994&signature=4cd823d09ea8c869ea0d3b98cf9e9110a70ee7498a12326cc966e920b9483468
2023-05-20 15:39:10.796[1684577350796] | INFO  | pool-1-thread-1 | c.b.c.f.client.utils.RequestHandler  - GET https://testnet.binancefuture.com/dapi/v1/depth?symbol=ADAUSD_PERP&limit=10
2023-05-20 15:39:11.294[1684577351294] | INFO  | pool-1-thread-1 | c.b.c.f.client.utils.RequestHandler  - POST https://testnet.binancefuture.com/dapi/v1/order?symbol=ADAUSD_PERP&side=BUY&type=LIMIT&quantity=1&timeInForce=GTC&price=0.36201&timestamp=1684577351294&signature=2d24d6aaceb97d32f5c59ab95364e5ad944d7379187539c9b16bd8a1dc2cbd04
2023-05-20 15:39:12.045[1684577352045] | INFO  | pool-1-thread-1 | c.b.c.f.client.utils.RequestHandler  - POST https://testnet.binancefuture.com/dapi/v1/order?symbol=ADAUSD_PERP&side=BUY&type=LIMIT&quantity=1&timeInForce=GTC&price=0.36201&timestamp=1684577352045&signature=6a4b20fabbbbc2e983761e5de6373f992427e25b79bf7911d30c766fa0c3ad5e
2023-05-20 15:46:03.631[1684577763631] | INFO  | pool-1-thread-1 | c.b.c.f.client.utils.RequestHandler  - GET https://testnet.binancefuture.com/dapi/v1/continuousKlines?pair=ADAUSD&contractType=PERPETUAL&interval=5m
2023-05-20 15:46:05.562[1684577765562] | INFO  | pool-1-thread-1 | c.b.c.f.client.utils.RequestHandler  - GET https://testnet.binancefuture.com/dapi/v1/balance?timestamp=1684577765553&signature=137e766578bdb610bc81bac9cb2c3b4c1c0cbe2d8bab7b98da3c751899ae4cb2
2023-05-20 15:46:06.050[1684577766050] | INFO  | pool-1-thread-1 | c.b.c.f.client.utils.RequestHandler  - GET https://testnet.binancefuture.com/dapi/v1/depth?symbol=ADAUSD_PERP&limit=10
2023-05-20 15:46:06.575[1684577766575] | INFO  | pool-1-thread-1 | c.b.c.f.client.utils.RequestHandler  - POST https://testnet.binancefuture.com/dapi/v1/order?symbol=ADAUSD_PERP&side=BUY&type=LIMIT&quantity=1&timeInForce=GTC&price=0.36201&timestamp=1684577766575&signature=ebf58255743c7dd96fdf4ea95610be0b91d4e9448009ade2b339013cd2dab29d
2023-05-20 15:46:07.321[1684577767321] | INFO  | pool-1-thread-1 | c.b.c.f.client.utils.RequestHandler  - POST https://testnet.binancefuture.com/dapi/v1/order?symbol=ADAUSD_PERP&side=BUY&type=LIMIT&quantity=1&timeInForce=GTC&price=0.36201&timestamp=1684577767320&signature=dbb6726d5848823e57ce36bbb0d3cc713effb9531da3a0900c5d3ff19cb81fbb
2023-05-20 15:47:03.297[1684577823297] | INFO  | pool-1-thread-1 | c.b.c.f.client.utils.RequestHandler  - GET https://testnet.binancefuture.com/dapi/v1/continuousKlines?pair=ADAUSD&contractType=PERPETUAL&interval=5m
2023-05-20 15:47:03.852[1684577823852] | INFO  | pool-1-thread-1 | c.b.c.f.client.utils.RequestHandler  - GET https://testnet.binancefuture.com/dapi/v1/balance?timestamp=1684577823852&signature=7f24b3e78e0160abee27bcbcbc361db8c533ab69dc0d5ec258ad252b18c2278f
2023-05-20 15:47:04.286[1684577824286] | INFO  | pool-1-thread-1 | c.b.c.f.client.utils.RequestHandler  - GET https://testnet.binancefuture.com/dapi/v1/depth?symbol=ADAUSD_PERP&limit=10
2023-05-20 15:47:04.695[1684577824695] | INFO  | pool-1-thread-1 | c.b.c.f.client.utils.RequestHandler  - POST https://testnet.binancefuture.com/dapi/v1/order?symbol=ADAUSD_PERP&side=BUY&type=LIMIT&quantity=1&timeInForce=GTC&price=0.36201&timestamp=1684577824695&signature=cb92cc8463edbd561c2068655f75998b1d06c7616343f2b1449cf54c1a7f8b19
2023-05-20 15:47:05.338[1684577825338] | INFO  | pool-1-thread-1 | c.b.c.f.client.utils.RequestHandler  - POST https://testnet.binancefuture.com/dapi/v1/order?symbol=ADAUSD_PERP&side=BUY&type=LIMIT&quantity=1&timeInForce=GTC&price=0.36201&timestamp=1684577825338&signature=8514a48384abc2a25af58b81de02e33e551970c3d1d520b4e63356df7de77fab
2023-05-20 15:48:03.306[1684577883306] | INFO  | pool-1-thread-1 | c.b.c.f.client.utils.RequestHandler  - GET https://testnet.binancefuture.com/dapi/v1/continuousKlines?pair=ADAUSD&contractType=PERPETUAL&interval=5m
2023-05-20 15:48:03.935[1684577883935] | INFO  | pool-1-thread-1 | c.b.c.f.client.utils.RequestHandler  - GET https://testnet.binancefuture.com/dapi/v1/balance?timestamp=1684577883935&signature=87f743fc2a441b96e4d9cc61583dad623f8d1a2321f84bc846e4897785b7ab6b
2023-05-20 15:48:04.419[1684577884419] | INFO  | pool-1-thread-1 | c.b.c.f.client.utils.RequestHandler  - GET https://testnet.binancefuture.com/dapi/v1/depth?symbol=ADAUSD_PERP&limit=10
2023-05-20 15:48:04.835[1684577884835] | INFO  | pool-1-thread-1 | c.b.c.f.client.utils.RequestHandler  - POST https://testnet.binancefuture.com/dapi/v1/order?symbol=ADAUSD_PERP&side=BUY&type=LIMIT&quantity=1&timeInForce=GTC&price=0.36201&timestamp=1684577884835&signature=14dc8a267d2e4865bae58182d9d0c51a033a9baff667740fef56849b6183e9c8
2023-05-20 15:48:05.220[1684577885220] | INFO  | pool-1-thread-1 | c.b.c.f.client.utils.RequestHandler  - POST https://testnet.binancefuture.com/dapi/v1/order?symbol=ADAUSD_PERP&side=BUY&type=LIMIT&quantity=1&timeInForce=GTC&price=0.36201&timestamp=1684577885220&signature=771c87df8f3c9c8c18b191fc9f73223f54907c69e0d0ae5e33d4a8f36551e994
2023-05-20 15:49:03.299[1684577943299] | INFO  | pool-1-thread-1 | c.b.c.f.client.utils.RequestHandler  - GET https://testnet.binancefuture.com/dapi/v1/continuousKlines?pair=ADAUSD&contractType=PERPETUAL&interval=5m
2023-05-20 15:49:04.136[1684577944136] | INFO  | pool-1-thread-1 | c.b.c.f.client.utils.RequestHandler  - GET https://testnet.binancefuture.com/dapi/v1/balance?timestamp=1684577944135&signature=047f037c8e5a7cbcd9ec8cad5f4c42195295f5122f76bdbad6402b7b927f8499
2023-05-20 15:49:04.715[1684577944715] | INFO  | pool-1-thread-1 | c.b.c.f.client.utils.RequestHandler  - GET https://testnet.binancefuture.com/dapi/v1/depth?symbol=ADAUSD_PERP&limit=10
2023-05-20 15:49:05.323[1684577945323] | INFO  | pool-1-thread-1 | c.b.c.f.client.utils.RequestHandler  - POST https://testnet.binancefuture.com/dapi/v1/order?symbol=ADAUSD_PERP&side=BUY&type=LIMIT&quantity=1&timeInForce=GTC&price=0.36201&timestamp=1684577945323&signature=2125025c7da25d45c550fed55598dd93b43fa77bccc175488514b1cde5b200d1
2023-05-20 15:49:05.942[1684577945942] | INFO  | pool-1-thread-1 | c.b.c.f.client.utils.RequestHandler  - POST https://testnet.binancefuture.com/dapi/v1/order?symbol=ADAUSD_PERP&side=BUY&type=LIMIT&quantity=1&timeInForce=GTC&price=0.36201&timestamp=1684577945942&signature=e1d98735ceaad5488da90bf4d05672fb62ebfb3e9c63891a48b1aa43c9bf9e5f
